<?xml version="1.0" encoding="UTF-8"?>
<!-- Generated by org.testng.reporters.JUnitReportReporter -->
<testsuite hostname="DESKTOP-SRPM13C" failures="0" tests="3" name="tests.TestsExamples" time="2.865" errors="0" timestamp="2022-03-05T15:28:52 EET" skipped="0">
  <testcase classname="tests.TestsExamples" name="TestPrintRandomUserEmail" time="0.398"/>
  <system-out/>
  <testcase classname="tests.TestsExamples" name="TestPost" time="1.918"/>
  <system-out/>
  <testcase classname="tests.TestsExamples" name="TestRandomUserPostsIDs" time="0.549"/>
  <system-out/>
</testsuite> <!-- tests.TestsExamples -->
